[2024-05-29 15:20:15] [ INFO ] [BD:31] tabla creada con exito
[2024-05-29 15:20:15] [ INFO ] [OdontologoDaoH2:35] Odontologo guardado exitosamente
[2024-05-29 15:20:15] [ INFO ] [OdontologoDaoH2:35] Odontologo guardado exitosamente
[2024-05-29 15:25:04] [ INFO ] [OdontologoDaoH2:103] Odontologos buscados exitosamente!
[2024-05-29 15:25:29] [ INFO ] [PacienteDAOH2:117] Pacientes buscados exitosamente
[2024-05-29 15:25:29] [ INFO ] [DomicilioDaoH2:46] iniciando la busqueda de un domicilio por id: 1
[2024-05-29 15:25:29] [ INFO ] [DomicilioDaoH2:46] iniciando la busqueda de un domicilio por id: 2
[2024-05-29 15:25:29] [ INFO ] [PacienteDAOH2:117] Pacientes buscados exitosamente
[2024-05-29 15:25:29] [ INFO ] [DomicilioDaoH2:46] iniciando la busqueda de un domicilio por id: 1
[2024-05-29 15:25:29] [ INFO ] [DomicilioDaoH2:46] iniciando la busqueda de un domicilio por id: 2
[2024-05-29 15:26:20] [ INFO ] [PacienteDAOH2:50] iniciando la busqueda de un paciente por id: 2
[2024-05-29 15:26:20] [ INFO ] [DomicilioDaoH2:46] iniciando la busqueda de un domicilio por id: 2
[2024-05-29 15:26:20] [ INFO ] [PacienteDAOH2:63] Paciente encontrado!
[2024-05-29 15:26:33] [ INFO ] [OdontologoDaoH2:46] iniciando la busqueda de un odontologo por id: 1
[2024-05-29 15:26:33] [ INFO ] [OdontologoDaoH2:54] Odontologo Buscado exitosamente!
[2024-05-29 17:56:51] [ ERROR] [BD:34] La base de datos puede que ya esté siendo utilizada: "C:/Users/Fabiana/C2ClinicaOdontologica.mv.db". Soluciones Posibles: cierre todas las otras conexiones; use el modo server
Database may be already in use: "C:/Users/Fabiana/C2ClinicaOdontologica.mv.db". Possible solutions: close all other connection(s); use the server mode [90020-224]
[2024-05-29 17:57:41] [ ERROR] [BD:34] La base de datos puede que ya esté siendo utilizada: "C:/Users/Fabiana/C2ClinicaOdontologica.mv.db". Soluciones Posibles: cierre todas las otras conexiones; use el modo server
Database may be already in use: "C:/Users/Fabiana/C2ClinicaOdontologica.mv.db". Possible solutions: close all other connection(s); use the server mode [90020-224]
[2024-05-29 19:08:02] [ INFO ] [BD:33] tabla creada con exito
[2024-05-29 19:08:02] [ ERROR] [OdontologoDaoH2:39] Columna "NUMERO_MATRICULA" no encontrada
Column "NUMERO_MATRICULA" not found; SQL statement:
INSERT INTO ODONTOLOGOS (NUMERO_MATRICULA, NOMBRE, APELLIDO) VALUES(?, ?, ?) [42122-224]
[2024-05-29 19:08:02] [ ERROR] [OdontologoDaoH2:39] Columna "NUMERO_MATRICULA" no encontrada
Column "NUMERO_MATRICULA" not found; SQL statement:
INSERT INTO ODONTOLOGOS (NUMERO_MATRICULA, NOMBRE, APELLIDO) VALUES(?, ?, ?) [42122-224]
[2024-05-29 19:08:20] [ INFO ] [OdontologoDaoH2:46] iniciando la busqueda de un odontologo por id: 1
[2024-05-29 19:08:20] [ INFO ] [OdontologoDaoH2:54] Odontologo Buscado exitosamente!
[2024-05-29 19:08:20] [ ERROR] [OdontologoDaoH2:59] Conversión de datos fallida, convirtiendo "ABC10"
Data conversion error converting "ABC10" [22018-224]
[2024-05-29 19:08:51] [ INFO ] [OdontologoDaoH2:46] iniciando la busqueda de un odontologo por id: 2
[2024-05-29 19:08:51] [ INFO ] [OdontologoDaoH2:54] Odontologo Buscado exitosamente!
[2024-05-29 19:08:51] [ ERROR] [OdontologoDaoH2:59] Conversión de datos fallida, convirtiendo "ABC20"
Data conversion error converting "ABC20" [22018-224]
[2024-05-29 19:11:08] [ ERROR] [BD:34] La base de datos puede que ya esté siendo utilizada: "C:/Users/Fabiana/C2ClinicaOdontologica.mv.db". Soluciones Posibles: cierre todas las otras conexiones; use el modo server
Database may be already in use: "C:/Users/Fabiana/C2ClinicaOdontologica.mv.db". Possible solutions: close all other connection(s); use the server mode [90020-224]
[2024-05-29 19:11:08] [ ERROR] [OdontologoDaoH2:39] La base de datos puede que ya esté siendo utilizada: "C:/Users/Fabiana/C2ClinicaOdontologica.mv.db". Soluciones Posibles: cierre todas las otras conexiones; use el modo server
Database may be already in use: "C:/Users/Fabiana/C2ClinicaOdontologica.mv.db". Possible solutions: close all other connection(s); use the server mode [90020-224]
[2024-05-29 19:11:08] [ ERROR] [OdontologoDaoH2:39] La base de datos puede que ya esté siendo utilizada: "C:/Users/Fabiana/C2ClinicaOdontologica.mv.db". Soluciones Posibles: cierre todas las otras conexiones; use el modo server
Database may be already in use: "C:/Users/Fabiana/C2ClinicaOdontologica.mv.db". Possible solutions: close all other connection(s); use the server mode [90020-224]
[2024-05-29 19:11:43] [ INFO ] [OdontologoDaoH2:46] iniciando la busqueda de un odontologo por id: 1
[2024-05-29 19:11:43] [ ERROR] [OdontologoDaoH2:59] La base de datos puede que ya esté siendo utilizada: "C:/Users/Fabiana/C2ClinicaOdontologica.mv.db". Soluciones Posibles: cierre todas las otras conexiones; use el modo server
Database may be already in use: "C:/Users/Fabiana/C2ClinicaOdontologica.mv.db". Possible solutions: close all other connection(s); use the server mode [90020-224]
[2024-05-29 19:12:10] [ INFO ] [BD:31] tabla creada con exito
[2024-05-29 19:12:10] [ INFO ] [OdontologoDaoH2:35] Odontologo guardado exitosamente
[2024-05-29 19:12:10] [ INFO ] [OdontologoDaoH2:35] Odontologo guardado exitosamente
[2024-05-29 19:12:22] [ INFO ] [OdontologoDaoH2:46] iniciando la busqueda de un odontologo por id: 1
[2024-05-29 19:12:22] [ INFO ] [OdontologoDaoH2:54] Odontologo Buscado exitosamente!
[2024-05-29 19:12:55] [ INFO ] [OdontologoDaoH2:46] iniciando la busqueda de un odontologo por id: 1
[2024-05-29 19:12:55] [ INFO ] [OdontologoDaoH2:54] Odontologo Buscado exitosamente!
[2024-05-29 19:16:09] [ INFO ] [OdontologoDaoH2:46] iniciando la busqueda de un odontologo por id: 2
[2024-05-29 19:16:09] [ INFO ] [OdontologoDaoH2:54] Odontologo Buscado exitosamente!
[2024-05-29 19:16:17] [ INFO ] [PacienteDAOH2:50] iniciando la busqueda de un paciente por id: 2
[2024-05-29 19:16:17] [ INFO ] [DomicilioDaoH2:46] iniciando la busqueda de un domicilio por id: 2
[2024-05-29 19:16:17] [ INFO ] [PacienteDAOH2:63] Paciente encontrado!
[2024-05-29 19:16:56] [ INFO ] [PacienteDAOH2:50] iniciando la busqueda de un paciente por id: 1
[2024-05-29 19:16:56] [ INFO ] [DomicilioDaoH2:46] iniciando la busqueda de un domicilio por id: 1
[2024-05-29 19:16:56] [ INFO ] [PacienteDAOH2:63] Paciente encontrado!
[2024-05-29 19:18:36] [ INFO ] [OdontologoDaoH2:103] Odontologos buscados exitosamente!
[2024-05-29 19:18:55] [ INFO ] [PacienteDAOH2:117] Pacientes buscados exitosamente
[2024-05-29 19:18:55] [ INFO ] [DomicilioDaoH2:46] iniciando la busqueda de un domicilio por id: 1
[2024-05-29 19:18:55] [ INFO ] [DomicilioDaoH2:46] iniciando la busqueda de un domicilio por id: 2
[2024-05-29 19:18:55] [ INFO ] [PacienteDAOH2:117] Pacientes buscados exitosamente
[2024-05-29 19:18:55] [ INFO ] [DomicilioDaoH2:46] iniciando la busqueda de un domicilio por id: 1
[2024-05-29 19:18:55] [ INFO ] [DomicilioDaoH2:46] iniciando la busqueda de un domicilio por id: 2
[2024-05-29 19:22:37] [ INFO ] [OdontologoDaoH2:46] iniciando la busqueda de un odontologo por id: 1
[2024-05-29 19:22:37] [ INFO ] [OdontologoDaoH2:54] Odontologo Buscado exitosamente!
[2024-05-29 19:22:37] [ WARN ] [OdontologoDaoH2:89] Odontologo eliminado!
[2024-05-29 19:26:09] [ INFO ] [PacienteDAOH2:50] iniciando la busqueda de un paciente por id: 2
[2024-05-29 19:26:09] [ INFO ] [DomicilioDaoH2:46] iniciando la busqueda de un domicilio por id: 2
[2024-05-29 19:26:09] [ INFO ] [PacienteDAOH2:63] Paciente encontrado!
[2024-05-29 19:29:04] [ INFO ] [OdontologoDaoH2:46] iniciando la busqueda de un odontologo por id: 1
[2024-05-29 19:29:04] [ INFO ] [OdontologoDaoH2:54] Odontologo Buscado exitosamente!
[2024-05-29 19:29:19] [ INFO ] [OdontologoDaoH2:46] iniciando la busqueda de un odontologo por id: 2
[2024-05-29 19:29:19] [ INFO ] [OdontologoDaoH2:54] Odontologo Buscado exitosamente!
[2024-05-29 19:33:34] [ INFO ] [OdontologoDaoH2:35] Odontologo guardado exitosamente
[2024-05-29 19:36:01] [ INFO ] [OdontologoDaoH2:46] iniciando la busqueda de un odontologo por id: 3
[2024-05-29 19:36:01] [ INFO ] [OdontologoDaoH2:54] Odontologo Buscado exitosamente!
[2024-05-29 19:36:01] [ WARN ] [OdontologoDaoH2:75] Odontologo actualizado
[2024-05-29 19:36:14] [ INFO ] [OdontologoDaoH2:46] iniciando la busqueda de un odontologo por id: 3
[2024-05-29 19:36:14] [ INFO ] [OdontologoDaoH2:54] Odontologo Buscado exitosamente!
[2024-05-29 19:36:14] [ WARN ] [OdontologoDaoH2:75] Odontologo actualizado
[2024-05-29 19:39:18] [ INFO ] [BD:31] tabla creada con exito
[2024-05-29 19:39:18] [ INFO ] [OdontologoDaoH2:35] Odontologo guardado exitosamente
[2024-05-29 19:39:18] [ INFO ] [OdontologoDaoH2:35] Odontologo guardado exitosamente
[2024-05-29 20:59:12] [ ERROR] [BD:34] La base de datos puede que ya esté siendo utilizada: "C:/Users/Fabiana/C2ClinicaOdontologica.mv.db". Soluciones Posibles: cierre todas las otras conexiones; use el modo server
Database may be already in use: "C:/Users/Fabiana/C2ClinicaOdontologica.mv.db". Possible solutions: close all other connection(s); use the server mode [90020-224]
[2024-05-29 20:59:12] [ ERROR] [OdontologoDaoH2:39] La base de datos puede que ya esté siendo utilizada: "C:/Users/Fabiana/C2ClinicaOdontologica.mv.db". Soluciones Posibles: cierre todas las otras conexiones; use el modo server
Database may be already in use: "C:/Users/Fabiana/C2ClinicaOdontologica.mv.db". Possible solutions: close all other connection(s); use the server mode [90020-224]
[2024-05-29 20:59:12] [ ERROR] [OdontologoDaoH2:39] La base de datos puede que ya esté siendo utilizada: "C:/Users/Fabiana/C2ClinicaOdontologica.mv.db". Soluciones Posibles: cierre todas las otras conexiones; use el modo server
Database may be already in use: "C:/Users/Fabiana/C2ClinicaOdontologica.mv.db". Possible solutions: close all other connection(s); use the server mode [90020-224]
[2024-05-29 20:59:12] [ INFO ] [PacienteDAOH2:23] iniciando la operacion de guardado
[2024-05-29 20:59:12] [ ERROR] [DomicilioDaoH2:39] La base de datos puede que ya esté siendo utilizada: "C:/Users/Fabiana/C2ClinicaOdontologica.mv.db". Soluciones Posibles: cierre todas las otras conexiones; use el modo server
Database may be already in use: "C:/Users/Fabiana/C2ClinicaOdontologica.mv.db". Possible solutions: close all other connection(s); use the server mode [90020-224]
[2024-05-29 20:59:12] [ ERROR] [PacienteDAOH2:43] La base de datos puede que ya esté siendo utilizada: "C:/Users/Fabiana/C2ClinicaOdontologica.mv.db". Soluciones Posibles: cierre todas las otras conexiones; use el modo server
Database may be already in use: "C:/Users/Fabiana/C2ClinicaOdontologica.mv.db". Possible solutions: close all other connection(s); use the server mode [90020-224]
[2024-05-29 20:59:32] [ INFO ] [BD:31] tabla creada con exito
[2024-05-29 20:59:32] [ INFO ] [OdontologoDaoH2:35] Odontologo guardado exitosamente
[2024-05-29 20:59:32] [ INFO ] [OdontologoDaoH2:35] Odontologo guardado exitosamente
[2024-05-29 20:59:32] [ INFO ] [PacienteDAOH2:23] iniciando la operacion de guardado
[2024-05-29 20:59:32] [ ERROR] [DomicilioDaoH2:39] Cannot invoke "com.example.proyectoIntegrador11.entity.Domicilio.getCalle()" because "domicilio" is null
[2024-05-29 20:59:32] [ ERROR] [PacienteDAOH2:43] Cannot invoke "com.example.proyectoIntegrador11.entity.Domicilio.getId()" because "domicilio" is null
[2024-05-29 22:32:10] [ ERROR] [BD:35] Error de Sintaxis en sentencia SQL "INSERT INTO DOMICILIO (CALLE, NUMERO, LOCALIDAD, PROVINCIA) VALUES ('Siempre viva',742,'Springfield','USA'), ('Siempre viva',742,'Springfield','USA') [*]INSERT INTO ODONTOLOGOS (NUMERO_MATRICULA, NOMBRE, APELLIDO) VALUES (1234,'Homero','Simpson')"
Syntax error in SQL statement "INSERT INTO DOMICILIO (CALLE, NUMERO, LOCALIDAD, PROVINCIA) VALUES ('Siempre viva',742,'Springfield','USA'), ('Siempre viva',742,'Springfield','USA') [*]INSERT INTO ODONTOLOGOS (NUMERO_MATRICULA, NOMBRE, APELLIDO) VALUES (1234,'Homero','Simpson')"; SQL statement:
INSERT INTO DOMICILIO (CALLE, NUMERO, LOCALIDAD, PROVINCIA) VALUES ('Siempre viva',742,'Springfield','USA'), ('Siempre viva',742,'Springfield','USA') INSERT INTO ODONTOLOGOS (NUMERO_MATRICULA, NOMBRE, APELLIDO) VALUES (1234,'Homero','Simpson') [42000-224]
[2024-05-29 22:32:10] [ INFO ] [OdontologoDaoH2:35] Odontologo guardado exitosamente
[2024-05-29 22:32:10] [ INFO ] [OdontologoDaoH2:35] Odontologo guardado exitosamente
[2024-05-29 22:34:20] [ INFO ] [BD:33] tabla creada con exito
[2024-05-29 22:34:20] [ ERROR] [OdontologoDaoH2:39] Columna "NUMERO_MATRICULA" no encontrada
Column "NUMERO_MATRICULA" not found; SQL statement:
INSERT INTO ODONTOLOGOS (NUMERO_MATRICULA, NOMBRE, APELLIDO) VALUES(?, ?, ?) [42122-224]
[2024-05-29 22:34:20] [ ERROR] [OdontologoDaoH2:39] Columna "NUMERO_MATRICULA" no encontrada
Column "NUMERO_MATRICULA" not found; SQL statement:
INSERT INTO ODONTOLOGOS (NUMERO_MATRICULA, NOMBRE, APELLIDO) VALUES(?, ?, ?) [42122-224]
[2024-05-29 22:35:24] [ INFO ] [BD:33] tabla creada con exito
[2024-05-29 22:35:24] [ INFO ] [OdontologoDaoH2:35] Odontologo guardado exitosamente
[2024-05-29 22:35:24] [ INFO ] [OdontologoDaoH2:35] Odontologo guardado exitosamente
[2024-05-29 22:43:15] [ INFO ] [BD:33] tabla creada con exito
[2024-05-29 22:43:16] [ INFO ] [OdontologoDaoH2:35] Odontologo guardado exitosamente
[2024-05-29 22:43:16] [ INFO ] [OdontologoDaoH2:35] Odontologo guardado exitosamente
[2024-05-29 23:57:24] [ INFO ] [BD:33] tabla creada con exito
[2024-05-29 23:57:24] [ INFO ] [OdontologoDaoH2:35] Odontologo guardado exitosamente
[2024-05-29 23:57:24] [ INFO ] [OdontologoDaoH2:35] Odontologo guardado exitosamente
[2024-05-29 23:58:13] [ INFO ] [TurnosDAOLISTA:48] Buscando todos los turnos...
[2024-05-30 00:01:40] [ INFO ] [BD:33] tabla creada con exito
[2024-05-30 00:01:40] [ INFO ] [OdontologoDaoH2:35] Odontologo guardado exitosamente
[2024-05-30 00:01:40] [ INFO ] [OdontologoDaoH2:35] Odontologo guardado exitosamente
[2024-05-30 00:09:14] [ INFO ] [BD:33] tabla creada con exito
[2024-05-30 00:09:14] [ INFO ] [OdontologoDaoH2:35] Odontologo guardado exitosamente
[2024-05-30 00:09:14] [ INFO ] [OdontologoDaoH2:35] Odontologo guardado exitosamente
[2024-05-30 00:09:14] [ INFO ] [PacienteDAOH2:23] iniciando la operacion de guardado
[2024-05-30 00:09:14] [ ERROR] [DomicilioDaoH2:39] Cannot invoke "com.example.proyectoIntegrador11.entity.Domicilio.getCalle()" because "domicilio" is null
[2024-05-30 00:09:14] [ ERROR] [PacienteDAOH2:43] Cannot invoke "com.example.proyectoIntegrador11.entity.Domicilio.getId()" because "domicilio" is null
[2024-05-30 00:13:32] [ INFO ] [BD:33] tabla creada con exito
[2024-05-30 00:13:32] [ INFO ] [OdontologoDaoH2:35] Odontologo guardado exitosamente
[2024-05-30 00:13:32] [ INFO ] [OdontologoDaoH2:35] Odontologo guardado exitosamente
[2024-05-30 00:13:32] [ INFO ] [PacienteDAOH2:23] iniciando la operacion de guardado
[2024-05-30 00:13:32] [ ERROR] [DomicilioDaoH2:39] Cannot invoke "com.example.proyectoIntegrador11.entity.Domicilio.getCalle()" because "domicilio" is null
[2024-05-30 00:13:32] [ ERROR] [PacienteDAOH2:43] Cannot invoke "com.example.proyectoIntegrador11.entity.Domicilio.getId()" because "domicilio" is null
[2024-05-30 00:16:04] [ INFO ] [BD:33] tabla creada con exito
[2024-05-30 00:16:05] [ INFO ] [OdontologoDaoH2:35] Odontologo guardado exitosamente
[2024-05-30 00:16:05] [ INFO ] [OdontologoDaoH2:35] Odontologo guardado exitosamente
[2024-05-30 00:16:05] [ INFO ] [PacienteDAOH2:23] iniciando la operacion de guardado
[2024-05-30 00:16:05] [ INFO ] [DomicilioDaoH2:36] Domicilio guardado exitosamente
[2024-05-30 00:16:05] [ INFO ] [PacienteDAOH2:40] Paciente guardado exitosamente!
