[2024-05-27 12:51:37] [ INFO ] [PacienteDAOH2:49] iniciando la busqueda de un paciente por id: 1
[2024-05-27 12:51:37] [ INFO ] [DomicilioDaoH2:46] iniciando la busqueda de un domicilio por id: 1
[2024-05-27 12:53:06] [ INFO ] [PacienteDAOH2:49] iniciando la busqueda de un paciente por id: 2
[2024-05-27 12:53:06] [ INFO ] [DomicilioDaoH2:46] iniciando la busqueda de un domicilio por id: 2
[2024-05-27 12:53:26] [ INFO ] [PacienteDAOH2:49] iniciando la busqueda de un paciente por id: 3
[2024-05-27 13:05:57] [ INFO ] [PacienteDAOH2:49] iniciando la busqueda de un paciente por id: 2
[2024-05-27 13:05:57] [ INFO ] [DomicilioDaoH2:46] iniciando la busqueda de un domicilio por id: 2
[2024-05-27 13:05:57] [ WARN ] [PacienteDAOH2:101] Paciente eliminado!
[2024-05-27 13:06:21] [ INFO ] [PacienteDAOH2:49] iniciando la busqueda de un paciente por id: 2
[2024-05-27 13:06:31] [ INFO ] [PacienteDAOH2:49] iniciando la busqueda de un paciente por id: 1
[2024-05-27 13:06:31] [ INFO ] [DomicilioDaoH2:46] iniciando la busqueda de un domicilio por id: 1
[2024-05-27 13:07:58] [ INFO ] [PacienteDAOH2:49] iniciando la busqueda de un paciente por id: 1
[2024-05-27 13:07:58] [ INFO ] [DomicilioDaoH2:46] iniciando la busqueda de un domicilio por id: 1
[2024-05-27 13:07:58] [ INFO ] [PacienteDAOH2:62] Paciente encontrado!
[2024-05-27 13:15:21] [ INFO ] [PacienteDAOH2:118] Pacientes buscados exitosamente
[2024-05-27 13:15:21] [ INFO ] [DomicilioDaoH2:46] iniciando la busqueda de un domicilio por id: 1
[2024-05-27 13:15:21] [ INFO ] [PacienteDAOH2:118] Pacientes buscados exitosamente
[2024-05-27 13:15:21] [ INFO ] [DomicilioDaoH2:46] iniciando la busqueda de un domicilio por id: 1
[2024-05-27 13:16:04] [ INFO ] [PacienteDAOH2:49] iniciando la busqueda de un paciente por id: 2
[2024-05-27 13:17:23] [ INFO ] [PacienteDAOH2:49] iniciando la busqueda de un paciente por id: 2
[2024-05-27 13:17:27] [ INFO ] [PacienteDAOH2:49] iniciando la busqueda de un paciente por id: 1
[2024-05-27 13:17:27] [ INFO ] [DomicilioDaoH2:46] iniciando la busqueda de un domicilio por id: 1
[2024-05-27 13:17:27] [ INFO ] [PacienteDAOH2:62] Paciente encontrado!
[2024-05-27 13:25:55] [ INFO ] [BD:31] tabla creada con exito
[2024-05-27 13:26:12] [ INFO ] [PacienteDAOH2:118] Pacientes buscados exitosamente
[2024-05-27 13:26:12] [ INFO ] [DomicilioDaoH2:46] iniciando la busqueda de un domicilio por id: 1
[2024-05-27 13:26:12] [ INFO ] [DomicilioDaoH2:46] iniciando la busqueda de un domicilio por id: 2
[2024-05-27 13:26:12] [ INFO ] [PacienteDAOH2:118] Pacientes buscados exitosamente
[2024-05-27 13:26:12] [ INFO ] [DomicilioDaoH2:46] iniciando la busqueda de un domicilio por id: 1
[2024-05-27 13:26:12] [ INFO ] [DomicilioDaoH2:46] iniciando la busqueda de un domicilio por id: 2
[2024-05-27 13:28:11] [ INFO ] [PacienteDAOH2:49] iniciando la busqueda de un paciente por id: 1
[2024-05-27 13:28:11] [ INFO ] [DomicilioDaoH2:46] iniciando la busqueda de un domicilio por id: 1
[2024-05-27 13:28:11] [ INFO ] [PacienteDAOH2:62] Paciente encontrado!
[2024-05-27 13:28:11] [ WARN ] [PacienteDAOH2:102] Paciente eliminado!
[2024-05-27 13:28:19] [ INFO ] [PacienteDAOH2:118] Pacientes buscados exitosamente
[2024-05-27 13:28:19] [ INFO ] [DomicilioDaoH2:46] iniciando la busqueda de un domicilio por id: 2
[2024-05-27 13:28:19] [ INFO ] [PacienteDAOH2:118] Pacientes buscados exitosamente
[2024-05-27 13:28:19] [ INFO ] [DomicilioDaoH2:46] iniciando la busqueda de un domicilio por id: 2
[2024-05-27 13:32:04] [ INFO ] [BD:31] tabla creada con exito
[2024-05-27 13:33:00] [ INFO ] [BD:31] tabla creada con exito
[2024-05-27 13:33:07] [ INFO ] [PacienteDAOH2:23] iniciando la operacion de guardado
[2024-05-27 13:33:07] [ INFO ] [DomicilioDaoH2:36] Domicilio guardado exitosamente
[2024-05-27 13:33:07] [ ERROR] [PacienteDAOH2:42] Parametro "#6" no está fijado
Parameter "#6" is not set; SQL statement:
INSERT INTO PACIENTES (NOMBRE, APELLIDO, CEDULA, FECHA_INGRESO, DOMICILIO_ID, EMAIL) VALUES(?,?,?,?,?,?) [90012-224]
[2024-05-27 13:37:18] [ INFO ] [BD:31] tabla creada con exito
[2024-05-27 13:37:36] [ INFO ] [PacienteDAOH2:23] iniciando la operacion de guardado
[2024-05-27 13:37:36] [ INFO ] [DomicilioDaoH2:36] Domicilio guardado exitosamente
[2024-05-27 13:37:36] [ INFO ] [PacienteDAOH2:40] Paciente guardado exitosamente!
[2024-05-27 14:11:35] [ INFO ] [BD:31] tabla creada con exito
[2024-05-27 14:12:34] [ INFO ] [PacienteDAOH2:23] iniciando la operacion de guardado
[2024-05-27 14:12:34] [ INFO ] [DomicilioDaoH2:36] Domicilio guardado exitosamente
[2024-05-27 14:12:34] [ INFO ] [PacienteDAOH2:40] Paciente guardado exitosamente!
[2024-05-27 14:14:27] [ INFO ] [PacienteDAOH2:119] Pacientes buscados exitosamente
[2024-05-27 14:14:27] [ INFO ] [DomicilioDaoH2:46] iniciando la busqueda de un domicilio por id: 1
[2024-05-27 14:14:27] [ INFO ] [DomicilioDaoH2:46] iniciando la busqueda de un domicilio por id: 2
[2024-05-27 14:14:27] [ INFO ] [DomicilioDaoH2:46] iniciando la busqueda de un domicilio por id: 3
[2024-05-27 14:14:27] [ INFO ] [PacienteDAOH2:119] Pacientes buscados exitosamente
[2024-05-27 14:14:27] [ INFO ] [DomicilioDaoH2:46] iniciando la busqueda de un domicilio por id: 1
[2024-05-27 14:14:27] [ INFO ] [DomicilioDaoH2:46] iniciando la busqueda de un domicilio por id: 2
[2024-05-27 14:14:27] [ INFO ] [DomicilioDaoH2:46] iniciando la busqueda de un domicilio por id: 3
[2024-05-27 14:28:51] [ INFO ] [BD:31] tabla creada con exito
[2024-05-27 14:29:43] [ INFO ] [PacienteDAOH2:119] Pacientes buscados exitosamente
[2024-05-27 14:29:43] [ INFO ] [DomicilioDaoH2:46] iniciando la busqueda de un domicilio por id: 1
[2024-05-27 14:29:43] [ INFO ] [DomicilioDaoH2:46] iniciando la busqueda de un domicilio por id: 2
[2024-05-27 14:29:43] [ INFO ] [PacienteDAOH2:23] iniciando la operacion de guardado
[2024-05-27 14:29:43] [ INFO ] [DomicilioDaoH2:36] Domicilio guardado exitosamente
[2024-05-27 14:29:43] [ INFO ] [PacienteDAOH2:40] Paciente guardado exitosamente!
[2024-05-27 20:13:26] [ INFO ] [BD:31] tabla creada con exito
[2024-05-27 20:13:42] [ INFO ] [PacienteDAOH2:117] Pacientes buscados exitosamente
[2024-05-27 20:13:42] [ INFO ] [DomicilioDaoH2:46] iniciando la busqueda de un domicilio por id: 1
[2024-05-27 20:13:42] [ INFO ] [DomicilioDaoH2:46] iniciando la busqueda de un domicilio por id: 2
[2024-05-27 20:13:42] [ INFO ] [PacienteDAOH2:117] Pacientes buscados exitosamente
[2024-05-27 20:13:42] [ INFO ] [DomicilioDaoH2:46] iniciando la busqueda de un domicilio por id: 1
[2024-05-27 20:13:42] [ INFO ] [DomicilioDaoH2:46] iniciando la busqueda de un domicilio por id: 2
[2024-05-27 20:14:38] [ INFO ] [PacienteDAOH2:50] iniciando la busqueda de un paciente por id: 2
[2024-05-27 20:14:38] [ INFO ] [DomicilioDaoH2:46] iniciando la busqueda de un domicilio por id: 2
[2024-05-27 20:14:38] [ INFO ] [PacienteDAOH2:63] Paciente encontrado!
[2024-05-27 20:14:38] [ INFO ] [PacienteDAOH2:73] Iniciando la actualizacion del paciente: Damian
[2024-05-27 20:14:38] [ WARN ] [DomicilioDaoH2:74] Domicilio actualizado!
[2024-05-27 20:15:44] [ INFO ] [BD:31] tabla creada con exito
[2024-05-27 20:15:56] [ INFO ] [PacienteDAOH2:50] iniciando la busqueda de un paciente por id: 2
[2024-05-27 20:15:56] [ INFO ] [DomicilioDaoH2:46] iniciando la busqueda de un domicilio por id: 2
[2024-05-27 20:15:56] [ INFO ] [PacienteDAOH2:63] Paciente encontrado!
[2024-05-27 20:15:56] [ INFO ] [PacienteDAOH2:73] Iniciando la actualizacion del paciente: Damian
[2024-05-27 20:15:56] [ WARN ] [DomicilioDaoH2:74] Domicilio actualizado!
[2024-05-27 20:36:15] [ INFO ] [BD:31] tabla creada con exito
[2024-05-27 20:36:34] [ INFO ] [PacienteDAOH2:117] Pacientes buscados exitosamente
[2024-05-27 20:36:34] [ INFO ] [DomicilioDaoH2:46] iniciando la busqueda de un domicilio por id: 1
[2024-05-27 20:36:34] [ INFO ] [DomicilioDaoH2:46] iniciando la busqueda de un domicilio por id: 2
[2024-05-27 20:36:34] [ INFO ] [PacienteDAOH2:117] Pacientes buscados exitosamente
[2024-05-27 20:36:34] [ INFO ] [DomicilioDaoH2:46] iniciando la busqueda de un domicilio por id: 1
[2024-05-27 20:36:34] [ INFO ] [DomicilioDaoH2:46] iniciando la busqueda de un domicilio por id: 2
[2024-05-27 20:41:20] [ INFO ] [BD:31] tabla creada con exito
[2024-05-27 20:41:20] [ INFO ] [OdontologoDaoH2:35] Odontologo guardado exitosamente
[2024-05-27 20:41:20] [ INFO ] [OdontologoDaoH2:35] Odontologo guardado exitosamente
[2024-05-27 20:42:20] [ INFO ] [OdontologoDaoH2:46] iniciando la busqueda de un odontologo por id: 1
[2024-05-27 20:42:20] [ INFO ] [OdontologoDaoH2:54] Odontologo Buscado exitosamente!
[2024-05-27 20:45:02] [ INFO ] [BD:31] tabla creada con exito
[2024-05-27 20:45:02] [ INFO ] [OdontologoDaoH2:35] Odontologo guardado exitosamente
[2024-05-27 20:45:02] [ INFO ] [OdontologoDaoH2:35] Odontologo guardado exitosamente
[2024-05-27 20:46:11] [ INFO ] [OdontologoDaoH2:35] Odontologo guardado exitosamente
[2024-05-27 20:51:06] [ INFO ] [BD:31] tabla creada con exito
[2024-05-27 20:51:06] [ INFO ] [OdontologoDaoH2:35] Odontologo guardado exitosamente
[2024-05-27 20:51:06] [ INFO ] [OdontologoDaoH2:35] Odontologo guardado exitosamente
[2024-05-27 20:52:16] [ INFO ] [OdontologoDaoH2:46] iniciando la busqueda de un odontologo por id: 1
[2024-05-27 20:52:16] [ INFO ] [OdontologoDaoH2:54] Odontologo Buscado exitosamente!
[2024-05-27 20:52:16] [ WARN ] [OdontologoDaoH2:75] Odontologo actualizado
[2024-05-27 20:55:49] [ INFO ] [BD:31] tabla creada con exito
[2024-05-27 20:55:49] [ INFO ] [OdontologoDaoH2:35] Odontologo guardado exitosamente
[2024-05-27 20:55:49] [ INFO ] [OdontologoDaoH2:35] Odontologo guardado exitosamente
[2024-05-27 20:56:25] [ INFO ] [OdontologoDaoH2:46] iniciando la busqueda de un odontologo por id: null
[2024-05-27 20:56:25] [ ERROR] [OdontologoDaoH2:59] Cannot invoke "java.lang.Integer.intValue()" because "id" is null
[2024-05-27 20:58:29] [ INFO ] [BD:31] tabla creada con exito
[2024-05-27 20:58:29] [ INFO ] [OdontologoDaoH2:35] Odontologo guardado exitosamente
[2024-05-27 20:58:29] [ INFO ] [OdontologoDaoH2:35] Odontologo guardado exitosamente
[2024-05-27 20:58:50] [ INFO ] [OdontologoDaoH2:46] iniciando la busqueda de un odontologo por id: 1
[2024-05-27 20:58:51] [ INFO ] [OdontologoDaoH2:54] Odontologo Buscado exitosamente!
[2024-05-27 20:58:51] [ WARN ] [OdontologoDaoH2:89] Odontologo eliminado!
[2024-05-27 21:00:28] [ INFO ] [BD:31] tabla creada con exito
[2024-05-27 21:00:28] [ INFO ] [OdontologoDaoH2:35] Odontologo guardado exitosamente
[2024-05-27 21:00:28] [ INFO ] [OdontologoDaoH2:35] Odontologo guardado exitosamente
[2024-05-27 21:00:48] [ INFO ] [OdontologoDaoH2:103] Odontologos buscados exitosamente!
[2024-05-27 22:06:12] [ INFO ] [BD:31] tabla creada con exito
[2024-05-27 22:06:12] [ INFO ] [OdontologoDaoH2:35] Odontologo guardado exitosamente
[2024-05-27 22:06:12] [ INFO ] [OdontologoDaoH2:35] Odontologo guardado exitosamente
[2024-05-27 22:06:35] [ INFO ] [PacienteDAOH2:117] Pacientes buscados exitosamente
[2024-05-27 22:06:35] [ INFO ] [DomicilioDaoH2:46] iniciando la busqueda de un domicilio por id: 1
[2024-05-27 22:06:35] [ INFO ] [DomicilioDaoH2:46] iniciando la busqueda de un domicilio por id: 2
[2024-05-27 22:06:35] [ INFO ] [PacienteDAOH2:117] Pacientes buscados exitosamente
[2024-05-27 22:06:35] [ INFO ] [DomicilioDaoH2:46] iniciando la busqueda de un domicilio por id: 1
[2024-05-27 22:06:35] [ INFO ] [DomicilioDaoH2:46] iniciando la busqueda de un domicilio por id: 2
[2024-05-27 22:06:48] [ INFO ] [OdontologoDaoH2:103] Odontologos buscados exitosamente!
[2024-05-27 22:08:32] [ INFO ] [OdontologoDaoH2:46] iniciando la busqueda de un odontologo por id: 1
[2024-05-27 22:08:32] [ INFO ] [OdontologoDaoH2:54] Odontologo Buscado exitosamente!
[2024-05-27 22:08:32] [ WARN ] [OdontologoDaoH2:75] Odontologo actualizado
[2024-05-27 22:08:53] [ INFO ] [OdontologoDaoH2:103] Odontologos buscados exitosamente!
[2024-05-29 19:52:14] [ INFO ] [BD:31] tabla creada con exito
[2024-05-29 19:52:14] [ INFO ] [OdontologoDaoH2:35] Odontologo guardado exitosamente
[2024-05-29 19:52:14] [ INFO ] [OdontologoDaoH2:35] Odontologo guardado exitosamente
[2024-05-29 19:52:26] [ INFO ] [OdontologoDaoH2:103] Odontologos buscados exitosamente!
[2024-05-29 19:54:38] [ INFO ] [PacienteDAOH2:117] Pacientes buscados exitosamente
[2024-05-29 19:54:38] [ INFO ] [DomicilioDaoH2:46] iniciando la busqueda de un domicilio por id: 1
[2024-05-29 19:54:38] [ INFO ] [DomicilioDaoH2:46] iniciando la busqueda de un domicilio por id: 2
[2024-05-29 19:54:38] [ INFO ] [PacienteDAOH2:117] Pacientes buscados exitosamente
[2024-05-29 19:54:38] [ INFO ] [DomicilioDaoH2:46] iniciando la busqueda de un domicilio por id: 1
[2024-05-29 19:54:38] [ INFO ] [DomicilioDaoH2:46] iniciando la busqueda de un domicilio por id: 2
[2024-05-29 19:54:55] [ INFO ] [PacienteDAOH2:50] iniciando la busqueda de un paciente por id: 1
[2024-05-29 19:54:55] [ INFO ] [DomicilioDaoH2:46] iniciando la busqueda de un domicilio por id: 1
[2024-05-29 19:54:55] [ INFO ] [PacienteDAOH2:63] Paciente encontrado!
[2024-05-29 19:54:55] [ INFO ] [OdontologoDaoH2:46] iniciando la busqueda de un odontologo por id: 1
[2024-05-29 19:54:55] [ INFO ] [OdontologoDaoH2:54] Odontologo Buscado exitosamente!
[2024-05-29 19:54:55] [ INFO ] [TurnoDaoLista:14] iniciando las operaciones de guardado de un turno
[2024-05-29 19:54:55] [ INFO ] [PacienteDAOH2:50] iniciando la busqueda de un paciente por id: 1
[2024-05-29 19:54:55] [ INFO ] [DomicilioDaoH2:46] iniciando la busqueda de un domicilio por id: 1
[2024-05-29 19:54:55] [ INFO ] [PacienteDAOH2:63] Paciente encontrado!
[2024-05-29 19:54:55] [ INFO ] [OdontologoDaoH2:46] iniciando la busqueda de un odontologo por id: 1
[2024-05-29 19:54:55] [ INFO ] [OdontologoDaoH2:54] Odontologo Buscado exitosamente!
[2024-05-29 19:54:55] [ INFO ] [TurnoDaoLista:21] turno guardado
[2024-05-29 19:56:05] [ INFO ] [PacienteDAOH2:50] iniciando la busqueda de un paciente por id: 2
[2024-05-29 19:56:05] [ INFO ] [DomicilioDaoH2:46] iniciando la busqueda de un domicilio por id: 2
[2024-05-29 19:56:05] [ INFO ] [PacienteDAOH2:63] Paciente encontrado!
[2024-05-29 19:56:05] [ INFO ] [OdontologoDaoH2:46] iniciando la busqueda de un odontologo por id: 2
[2024-05-29 19:56:05] [ INFO ] [OdontologoDaoH2:54] Odontologo Buscado exitosamente!
[2024-05-29 19:56:05] [ INFO ] [TurnoDaoLista:14] iniciando las operaciones de guardado de un turno
[2024-05-29 19:56:05] [ INFO ] [PacienteDAOH2:50] iniciando la busqueda de un paciente por id: 2
[2024-05-29 19:56:05] [ INFO ] [DomicilioDaoH2:46] iniciando la busqueda de un domicilio por id: 2
[2024-05-29 19:56:05] [ INFO ] [PacienteDAOH2:63] Paciente encontrado!
[2024-05-29 19:56:05] [ INFO ] [OdontologoDaoH2:46] iniciando la busqueda de un odontologo por id: 2
[2024-05-29 19:56:05] [ INFO ] [OdontologoDaoH2:54] Odontologo Buscado exitosamente!
[2024-05-29 19:56:05] [ INFO ] [TurnoDaoLista:21] turno guardado
[2024-05-29 19:58:58] [ INFO ] [BD:31] tabla creada con exito
[2024-05-29 19:58:58] [ INFO ] [OdontologoDaoH2:35] Odontologo guardado exitosamente
[2024-05-29 19:58:58] [ INFO ] [OdontologoDaoH2:35] Odontologo guardado exitosamente
[2024-05-29 19:59:25] [ INFO ] [PacienteDAOH2:50] iniciando la busqueda de un paciente por id: 1
[2024-05-29 19:59:25] [ INFO ] [DomicilioDaoH2:46] iniciando la busqueda de un domicilio por id: 1
[2024-05-29 19:59:25] [ INFO ] [PacienteDAOH2:63] Paciente encontrado!
[2024-05-29 19:59:25] [ INFO ] [OdontologoDaoH2:46] iniciando la busqueda de un odontologo por id: 1
[2024-05-29 19:59:25] [ INFO ] [OdontologoDaoH2:54] Odontologo Buscado exitosamente!
[2024-05-29 19:59:25] [ INFO ] [TurnoDaoLista:14] iniciando las operaciones de guardado de un turno
[2024-05-29 19:59:25] [ INFO ] [PacienteDAOH2:50] iniciando la busqueda de un paciente por id: 1
[2024-05-29 19:59:25] [ INFO ] [DomicilioDaoH2:46] iniciando la busqueda de un domicilio por id: 1
[2024-05-29 19:59:25] [ INFO ] [PacienteDAOH2:63] Paciente encontrado!
[2024-05-29 19:59:25] [ INFO ] [OdontologoDaoH2:46] iniciando la busqueda de un odontologo por id: 1
[2024-05-29 19:59:25] [ INFO ] [OdontologoDaoH2:54] Odontologo Buscado exitosamente!
[2024-05-29 19:59:25] [ INFO ] [TurnoDaoLista:21] turno guardadoPablo Pereyra
[2024-05-29 19:59:51] [ INFO ] [PacienteDAOH2:50] iniciando la busqueda de un paciente por id: 2
[2024-05-29 19:59:51] [ INFO ] [DomicilioDaoH2:46] iniciando la busqueda de un domicilio por id: 2
[2024-05-29 19:59:51] [ INFO ] [PacienteDAOH2:63] Paciente encontrado!
[2024-05-29 19:59:51] [ INFO ] [OdontologoDaoH2:46] iniciando la busqueda de un odontologo por id: 2
[2024-05-29 19:59:51] [ INFO ] [OdontologoDaoH2:54] Odontologo Buscado exitosamente!
[2024-05-29 19:59:51] [ INFO ] [TurnoDaoLista:14] iniciando las operaciones de guardado de un turno
[2024-05-29 19:59:51] [ INFO ] [PacienteDAOH2:50] iniciando la busqueda de un paciente por id: 2
[2024-05-29 19:59:51] [ INFO ] [DomicilioDaoH2:46] iniciando la busqueda de un domicilio por id: 2
[2024-05-29 19:59:51] [ INFO ] [PacienteDAOH2:63] Paciente encontrado!
[2024-05-29 19:59:51] [ INFO ] [OdontologoDaoH2:46] iniciando la busqueda de un odontologo por id: 2
[2024-05-29 19:59:51] [ INFO ] [OdontologoDaoH2:54] Odontologo Buscado exitosamente!
[2024-05-29 19:59:51] [ INFO ] [TurnoDaoLista:21] turno guardadoGarcia Heredia
[2024-05-29 20:02:52] [ INFO ] [BD:31] tabla creada con exito
[2024-05-29 20:02:52] [ INFO ] [OdontologoDaoH2:35] Odontologo guardado exitosamente
[2024-05-29 20:02:52] [ INFO ] [OdontologoDaoH2:35] Odontologo guardado exitosamente
[2024-05-29 20:03:12] [ INFO ] [PacienteDAOH2:50] iniciando la busqueda de un paciente por id: 1
[2024-05-29 20:03:12] [ INFO ] [DomicilioDaoH2:46] iniciando la busqueda de un domicilio por id: 1
[2024-05-29 20:03:12] [ INFO ] [PacienteDAOH2:63] Paciente encontrado!
[2024-05-29 20:03:12] [ INFO ] [OdontologoDaoH2:46] iniciando la busqueda de un odontologo por id: 1
[2024-05-29 20:03:12] [ INFO ] [OdontologoDaoH2:54] Odontologo Buscado exitosamente!
[2024-05-29 20:03:12] [ INFO ] [TurnoDaoLista:14] iniciando las operaciones de guardado de un turno
[2024-05-29 20:03:12] [ INFO ] [PacienteDAOH2:50] iniciando la busqueda de un paciente por id: 1
[2024-05-29 20:03:12] [ INFO ] [DomicilioDaoH2:46] iniciando la busqueda de un domicilio por id: 1
[2024-05-29 20:03:12] [ INFO ] [PacienteDAOH2:63] Paciente encontrado!
[2024-05-29 20:03:12] [ INFO ] [OdontologoDaoH2:46] iniciando la busqueda de un odontologo por id: 1
[2024-05-29 20:03:12] [ INFO ] [OdontologoDaoH2:54] Odontologo Buscado exitosamente!
[2024-05-29 20:03:12] [ INFO ] [TurnoDaoLista:21] turno guardadoPablo Pereyra
[2024-05-29 20:03:31] [ INFO ] [PacienteDAOH2:50] iniciando la busqueda de un paciente por id: 2
[2024-05-29 20:03:31] [ INFO ] [DomicilioDaoH2:46] iniciando la busqueda de un domicilio por id: 2
[2024-05-29 20:03:31] [ INFO ] [PacienteDAOH2:63] Paciente encontrado!
[2024-05-29 20:03:31] [ INFO ] [OdontologoDaoH2:46] iniciando la busqueda de un odontologo por id: 2
[2024-05-29 20:03:31] [ INFO ] [OdontologoDaoH2:54] Odontologo Buscado exitosamente!
[2024-05-29 20:03:31] [ INFO ] [TurnoDaoLista:14] iniciando las operaciones de guardado de un turno
[2024-05-29 20:03:31] [ INFO ] [PacienteDAOH2:50] iniciando la busqueda de un paciente por id: 2
[2024-05-29 20:03:31] [ INFO ] [DomicilioDaoH2:46] iniciando la busqueda de un domicilio por id: 2
[2024-05-29 20:03:31] [ INFO ] [PacienteDAOH2:63] Paciente encontrado!
[2024-05-29 20:03:31] [ INFO ] [OdontologoDaoH2:46] iniciando la busqueda de un odontologo por id: 2
[2024-05-29 20:03:31] [ INFO ] [OdontologoDaoH2:54] Odontologo Buscado exitosamente!
[2024-05-29 20:03:31] [ INFO ] [TurnoDaoLista:21] turno guardadoGarcia Heredia
[2024-05-29 20:03:37] [ INFO ] [TurnoDaoLista:47] Turnos buscados exitosamente!
[2024-05-29 20:25:36] [ INFO ] [BD:31] tabla creada con exito
[2024-05-29 20:25:36] [ INFO ] [OdontologoDaoH2:35] Odontologo guardado exitosamente
[2024-05-29 20:25:36] [ INFO ] [OdontologoDaoH2:35] Odontologo guardado exitosamente
[2024-05-29 20:25:57] [ INFO ] [PacienteDAOH2:50] iniciando la busqueda de un paciente por id: 1
[2024-05-29 20:25:57] [ INFO ] [DomicilioDaoH2:46] iniciando la busqueda de un domicilio por id: 1
[2024-05-29 20:25:57] [ INFO ] [PacienteDAOH2:63] Paciente encontrado!
[2024-05-29 20:25:57] [ INFO ] [OdontologoDaoH2:46] iniciando la busqueda de un odontologo por id: 1
[2024-05-29 20:25:57] [ INFO ] [OdontologoDaoH2:54] Odontologo Buscado exitosamente!
[2024-05-29 20:25:57] [ INFO ] [TurnoDaoLista:14] iniciando las operaciones de guardado de un turno
[2024-05-29 20:25:57] [ INFO ] [PacienteDAOH2:50] iniciando la busqueda de un paciente por id: 1
[2024-05-29 20:25:57] [ INFO ] [DomicilioDaoH2:46] iniciando la busqueda de un domicilio por id: 1
[2024-05-29 20:25:57] [ INFO ] [PacienteDAOH2:63] Paciente encontrado!
[2024-05-29 20:25:57] [ INFO ] [OdontologoDaoH2:46] iniciando la busqueda de un odontologo por id: 1
[2024-05-29 20:25:57] [ INFO ] [OdontologoDaoH2:54] Odontologo Buscado exitosamente!
[2024-05-29 20:25:57] [ INFO ] [TurnoDaoLista:21] turno guardadoPablo Pereyra
[2024-05-29 20:26:17] [ INFO ] [PacienteDAOH2:50] iniciando la busqueda de un paciente por id: 2
[2024-05-29 20:26:17] [ INFO ] [DomicilioDaoH2:46] iniciando la busqueda de un domicilio por id: 2
[2024-05-29 20:26:17] [ INFO ] [PacienteDAOH2:63] Paciente encontrado!
[2024-05-29 20:26:17] [ INFO ] [OdontologoDaoH2:46] iniciando la busqueda de un odontologo por id: 2
[2024-05-29 20:26:17] [ INFO ] [OdontologoDaoH2:54] Odontologo Buscado exitosamente!
[2024-05-29 20:26:17] [ INFO ] [TurnoDaoLista:14] iniciando las operaciones de guardado de un turno
[2024-05-29 20:26:17] [ INFO ] [PacienteDAOH2:50] iniciando la busqueda de un paciente por id: 2
[2024-05-29 20:26:17] [ INFO ] [DomicilioDaoH2:46] iniciando la busqueda de un domicilio por id: 2
[2024-05-29 20:26:17] [ INFO ] [PacienteDAOH2:63] Paciente encontrado!
[2024-05-29 20:26:17] [ INFO ] [OdontologoDaoH2:46] iniciando la busqueda de un odontologo por id: 2
[2024-05-29 20:26:17] [ INFO ] [OdontologoDaoH2:54] Odontologo Buscado exitosamente!
[2024-05-29 20:26:17] [ INFO ] [TurnoDaoLista:21] turno guardadoGarcia Heredia
[2024-05-29 20:26:22] [ INFO ] [TurnoDaoLista:55] Turnos buscados exitosamente!
[2024-05-29 20:33:14] [ INFO ] [BD:31] tabla creada con exito
[2024-05-29 20:33:14] [ INFO ] [OdontologoDaoH2:35] Odontologo guardado exitosamente
[2024-05-29 20:33:14] [ INFO ] [OdontologoDaoH2:35] Odontologo guardado exitosamente
[2024-05-29 20:35:31] [ INFO ] [PacienteDAOH2:50] iniciando la busqueda de un paciente por id: 2
[2024-05-29 20:35:31] [ INFO ] [DomicilioDaoH2:46] iniciando la busqueda de un domicilio por id: 2
[2024-05-29 20:35:31] [ INFO ] [PacienteDAOH2:63] Paciente encontrado!
[2024-05-29 20:35:31] [ INFO ] [OdontologoDaoH2:46] iniciando la busqueda de un odontologo por id: 2
[2024-05-29 20:35:31] [ INFO ] [OdontologoDaoH2:54] Odontologo Buscado exitosamente!
[2024-05-29 20:35:31] [ INFO ] [TurnoDaoLista:14] iniciando las operaciones de guardado de un turno
[2024-05-29 20:35:31] [ INFO ] [PacienteDAOH2:50] iniciando la busqueda de un paciente por id: 2
[2024-05-29 20:35:31] [ INFO ] [DomicilioDaoH2:46] iniciando la busqueda de un domicilio por id: 2
[2024-05-29 20:35:31] [ INFO ] [PacienteDAOH2:63] Paciente encontrado!
[2024-05-29 20:35:31] [ INFO ] [OdontologoDaoH2:46] iniciando la busqueda de un odontologo por id: 2
[2024-05-29 20:35:31] [ INFO ] [OdontologoDaoH2:54] Odontologo Buscado exitosamente!
[2024-05-29 20:35:31] [ INFO ] [TurnoDaoLista:21] turno guardadoGarcia Heredia
[2024-05-29 20:36:18] [ INFO ] [PacienteDAOH2:50] iniciando la busqueda de un paciente por id: 1
[2024-05-29 20:36:18] [ INFO ] [DomicilioDaoH2:46] iniciando la busqueda de un domicilio por id: 1
[2024-05-29 20:36:18] [ INFO ] [PacienteDAOH2:63] Paciente encontrado!
[2024-05-29 20:36:18] [ INFO ] [OdontologoDaoH2:46] iniciando la busqueda de un odontologo por id: 1
[2024-05-29 20:36:18] [ INFO ] [OdontologoDaoH2:54] Odontologo Buscado exitosamente!
[2024-05-29 20:36:18] [ INFO ] [TurnoDaoLista:14] iniciando las operaciones de guardado de un turno
[2024-05-29 20:36:18] [ INFO ] [PacienteDAOH2:50] iniciando la busqueda de un paciente por id: 1
[2024-05-29 20:36:18] [ INFO ] [DomicilioDaoH2:46] iniciando la busqueda de un domicilio por id: 1
[2024-05-29 20:36:18] [ INFO ] [PacienteDAOH2:63] Paciente encontrado!
[2024-05-29 20:36:18] [ INFO ] [OdontologoDaoH2:46] iniciando la busqueda de un odontologo por id: 1
[2024-05-29 20:36:18] [ INFO ] [OdontologoDaoH2:54] Odontologo Buscado exitosamente!
[2024-05-29 20:36:18] [ INFO ] [TurnoDaoLista:21] turno guardadoPablo Pereyra
[2024-05-29 20:36:24] [ INFO ] [TurnoDaoLista:55] Turnos buscados exitosamente!
[2024-05-29 20:38:36] [ INFO ] [TurnoDaoLista:42] Turno actualizado!
[2024-05-29 20:38:56] [ INFO ] [TurnoDaoLista:55] Turnos buscados exitosamente!
[2024-05-29 21:30:08] [ INFO ] [BD:31] tabla creada con exito
[2024-05-29 21:30:08] [ INFO ] [OdontologoDaoH2:35] Odontologo guardado exitosamente
[2024-05-29 21:30:08] [ INFO ] [OdontologoDaoH2:35] Odontologo guardado exitosamente
[2024-05-29 21:30:50] [ INFO ] [OdontologoDaoH2:103] Odontologos buscados exitosamente!
[2024-05-29 21:33:19] [ INFO ] [BD:31] tabla creada con exito
[2024-05-29 21:33:19] [ INFO ] [OdontologoDaoH2:35] Odontologo guardado exitosamente
[2024-05-29 21:33:19] [ INFO ] [OdontologoDaoH2:35] Odontologo guardado exitosamente
[2024-05-29 21:33:49] [ INFO ] [OdontologoDaoH2:103] Odontologos buscados exitosamente!
[2024-05-29 21:36:07] [ INFO ] [BD:31] tabla creada con exito
[2024-05-29 21:36:07] [ INFO ] [OdontologoDaoH2:35] Odontologo guardado exitosamente
[2024-05-29 21:36:07] [ INFO ] [OdontologoDaoH2:35] Odontologo guardado exitosamente
[2024-05-29 21:36:21] [ INFO ] [OdontologoDaoH2:103] Odontologos buscados exitosamente!
[2024-05-29 21:36:34] [ INFO ] [OdontologoDaoH2:103] Odontologos buscados exitosamente!
[2024-05-29 21:54:18] [ INFO ] [BD:31] tabla creada con exito
[2024-05-29 21:54:19] [ INFO ] [OdontologoDaoH2:35] Odontologo guardado exitosamente
[2024-05-29 21:54:19] [ INFO ] [OdontologoDaoH2:35] Odontologo guardado exitosamente
[2024-05-29 21:55:23] [ ERROR] [OdontologoDaoH2:39] Cannot invoke "java.lang.Integer.intValue()" because the return value of "com.example.proyectoIntegrador11.entity.Odontologo.getNumeroMatricula()" is null
[2024-05-29 21:56:46] [ INFO ] [BD:31] tabla creada con exito
[2024-05-29 21:56:46] [ INFO ] [OdontologoDaoH2:35] Odontologo guardado exitosamente
[2024-05-29 21:56:46] [ INFO ] [OdontologoDaoH2:35] Odontologo guardado exitosamente
[2024-05-29 21:57:12] [ ERROR] [OdontologoDaoH2:39] Cannot invoke "java.lang.Integer.intValue()" because the return value of "com.example.proyectoIntegrador11.entity.Odontologo.getNumeroMatricula()" is null
[2024-05-29 21:59:37] [ INFO ] [OdontologoDaoH2:35] Odontologo guardado exitosamente
[2024-05-29 22:15:09] [ INFO ] [BD:31] tabla creada con exito
[2024-05-29 22:15:09] [ INFO ] [OdontologoDaoH2:35] Odontologo guardado exitosamente
[2024-05-29 22:15:09] [ INFO ] [OdontologoDaoH2:35] Odontologo guardado exitosamente
[2024-05-29 22:15:26] [ INFO ] [OdontologoDaoH2:103] Odontologos buscados exitosamente!
[2024-05-29 22:16:42] [ ERROR] [OdontologoDaoH2:39] Cannot invoke "java.lang.Integer.intValue()" because the return value of "com.example.proyectoIntegrador11.entity.Odontologo.getNumeroMatricula()" is null
[2024-05-29 22:19:31] [ INFO ] [BD:31] tabla creada con exito
[2024-05-29 22:19:31] [ INFO ] [OdontologoDaoH2:35] Odontologo guardado exitosamente
[2024-05-29 22:19:31] [ INFO ] [OdontologoDaoH2:35] Odontologo guardado exitosamente
[2024-05-29 22:20:07] [ INFO ] [OdontologoDaoH2:103] Odontologos buscados exitosamente!
[2024-05-29 22:23:13] [ INFO ] [BD:31] tabla creada con exito
[2024-05-29 22:23:13] [ INFO ] [OdontologoDaoH2:35] Odontologo guardado exitosamente
[2024-05-29 22:23:13] [ INFO ] [OdontologoDaoH2:35] Odontologo guardado exitosamente
[2024-05-29 22:23:18] [ INFO ] [OdontologoDaoH2:103] Odontologos buscados exitosamente!
[2024-05-29 22:23:22] [ INFO ] [OdontologoDaoH2:103] Odontologos buscados exitosamente!
[2024-05-29 22:23:25] [ INFO ] [OdontologoDaoH2:103] Odontologos buscados exitosamente!
[2024-05-29 22:23:27] [ INFO ] [OdontologoDaoH2:103] Odontologos buscados exitosamente!
[2024-05-29 22:23:29] [ INFO ] [OdontologoDaoH2:103] Odontologos buscados exitosamente!
[2024-05-29 22:23:30] [ INFO ] [OdontologoDaoH2:103] Odontologos buscados exitosamente!
[2024-05-29 22:23:48] [ INFO ] [OdontologoDaoH2:103] Odontologos buscados exitosamente!
[2024-05-29 22:26:54] [ INFO ] [BD:31] tabla creada con exito
[2024-05-29 22:26:54] [ INFO ] [OdontologoDaoH2:35] Odontologo guardado exitosamente
[2024-05-29 22:26:54] [ INFO ] [OdontologoDaoH2:35] Odontologo guardado exitosamente
[2024-05-29 22:27:06] [ INFO ] [OdontologoDaoH2:103] Odontologos buscados exitosamente!
[2024-05-29 22:27:21] [ INFO ] [OdontologoDaoH2:35] Odontologo guardado exitosamente
[2024-05-29 22:27:27] [ INFO ] [OdontologoDaoH2:103] Odontologos buscados exitosamente!
[2024-05-29 22:28:50] [ INFO ] [BD:31] tabla creada con exito
[2024-05-29 22:28:50] [ INFO ] [OdontologoDaoH2:35] Odontologo guardado exitosamente
[2024-05-29 22:28:50] [ INFO ] [OdontologoDaoH2:35] Odontologo guardado exitosamente
[2024-05-29 22:29:03] [ INFO ] [OdontologoDaoH2:103] Odontologos buscados exitosamente!
[2024-05-29 22:29:18] [ INFO ] [OdontologoDaoH2:35] Odontologo guardado exitosamente
[2024-05-29 22:29:30] [ INFO ] [OdontologoDaoH2:103] Odontologos buscados exitosamente!
[2024-05-29 22:36:10] [ INFO ] [BD:31] tabla creada con exito
[2024-05-29 22:36:10] [ INFO ] [OdontologoDaoH2:35] Odontologo guardado exitosamente
[2024-05-29 22:36:10] [ INFO ] [OdontologoDaoH2:35] Odontologo guardado exitosamente
[2024-05-29 22:36:17] [ INFO ] [OdontologoDaoH2:103] Odontologos buscados exitosamente!
[2024-05-29 22:36:24] [ INFO ] [OdontologoDaoH2:103] Odontologos buscados exitosamente!
[2024-05-29 22:45:37] [ INFO ] [BD:31] tabla creada con exito
[2024-05-29 22:45:37] [ INFO ] [OdontologoDaoH2:35] Odontologo guardado exitosamente
[2024-05-29 22:45:37] [ INFO ] [OdontologoDaoH2:35] Odontologo guardado exitosamente
[2024-05-29 22:45:44] [ INFO ] [OdontologoDaoH2:103] Odontologos buscados exitosamente!
[2024-05-29 22:45:47] [ INFO ] [OdontologoDaoH2:103] Odontologos buscados exitosamente!
[2024-05-29 22:45:51] [ INFO ] [OdontologoDaoH2:103] Odontologos buscados exitosamente!
[2024-05-29 22:46:57] [ INFO ] [BD:31] tabla creada con exito
[2024-05-29 22:46:57] [ INFO ] [OdontologoDaoH2:35] Odontologo guardado exitosamente
[2024-05-29 22:46:57] [ INFO ] [OdontologoDaoH2:35] Odontologo guardado exitosamente
[2024-05-29 22:47:09] [ INFO ] [OdontologoDaoH2:103] Odontologos buscados exitosamente!
[2024-05-29 22:49:48] [ INFO ] [BD:31] tabla creada con exito
[2024-05-29 22:49:48] [ INFO ] [OdontologoDaoH2:35] Odontologo guardado exitosamente
[2024-05-29 22:49:48] [ INFO ] [OdontologoDaoH2:35] Odontologo guardado exitosamente
[2024-05-29 22:49:59] [ INFO ] [OdontologoDaoH2:103] Odontologos buscados exitosamente!
[2024-05-29 23:01:08] [ INFO ] [BD:31] tabla creada con exito
[2024-05-29 23:01:08] [ INFO ] [OdontologoDaoH2:35] Odontologo guardado exitosamente
[2024-05-29 23:01:08] [ INFO ] [OdontologoDaoH2:35] Odontologo guardado exitosamente
[2024-05-29 23:01:15] [ INFO ] [OdontologoDaoH2:103] Odontologos buscados exitosamente!
[2024-05-29 23:01:18] [ INFO ] [OdontologoDaoH2:103] Odontologos buscados exitosamente!
[2024-05-29 23:01:26] [ INFO ] [OdontologoDaoH2:103] Odontologos buscados exitosamente!
[2024-05-29 23:01:32] [ INFO ] [OdontologoDaoH2:103] Odontologos buscados exitosamente!
[2024-05-29 23:01:38] [ INFO ] [OdontologoDaoH2:103] Odontologos buscados exitosamente!
[2024-05-29 23:21:51] [ INFO ] [BD:31] tabla creada con exito
[2024-05-29 23:21:51] [ INFO ] [OdontologoDaoH2:35] Odontologo guardado exitosamente
[2024-05-29 23:21:51] [ INFO ] [OdontologoDaoH2:35] Odontologo guardado exitosamente
[2024-05-29 23:22:28] [ INFO ] [OdontologoDaoH2:103] Odontologos buscados exitosamente!
[2024-05-29 23:22:52] [ INFO ] [OdontologoDaoH2:103] Odontologos buscados exitosamente!
[2024-05-29 23:25:16] [ INFO ] [BD:31] tabla creada con exito
[2024-05-29 23:25:16] [ INFO ] [OdontologoDaoH2:35] Odontologo guardado exitosamente
[2024-05-29 23:25:16] [ INFO ] [OdontologoDaoH2:35] Odontologo guardado exitosamente
[2024-05-29 23:25:30] [ INFO ] [OdontologoDaoH2:103] Odontologos buscados exitosamente!
[2024-05-29 23:25:57] [ INFO ] [OdontologoDaoH2:35] Odontologo guardado exitosamente
[2024-05-29 23:25:59] [ INFO ] [OdontologoDaoH2:103] Odontologos buscados exitosamente!
[2024-05-29 23:26:14] [ INFO ] [OdontologoDaoH2:35] Odontologo guardado exitosamente
[2024-05-29 23:26:16] [ INFO ] [OdontologoDaoH2:103] Odontologos buscados exitosamente!
[2024-05-31 17:18:33] [ INFO ] [BD:31] tabla creada con exito
[2024-05-31 17:18:33] [ INFO ] [OdontologoDaoH2:35] Odontologo guardado exitosamente
[2024-05-31 17:18:33] [ INFO ] [OdontologoDaoH2:35] Odontologo guardado exitosamente
[2024-05-31 17:19:19] [ INFO ] [OdontologoDaoH2:103] Odontologos buscados exitosamente!
[2024-05-31 17:19:38] [ INFO ] [OdontologoDaoH2:35] Odontologo guardado exitosamente
[2024-05-31 17:19:40] [ INFO ] [OdontologoDaoH2:103] Odontologos buscados exitosamente!
[2024-05-31 17:25:37] [ INFO ] [BD:31] tabla creada con exito
[2024-05-31 17:25:37] [ INFO ] [OdontologoDaoH2:35] Odontologo guardado exitosamente
[2024-05-31 17:25:37] [ INFO ] [OdontologoDaoH2:35] Odontologo guardado exitosamente
[2024-05-31 17:26:14] [ INFO ] [OdontologoDaoH2:103] Odontologos buscados exitosamente!
[2024-05-31 17:26:47] [ INFO ] [OdontologoDaoH2:35] Odontologo guardado exitosamente
[2024-05-31 17:26:55] [ INFO ] [OdontologoDaoH2:103] Odontologos buscados exitosamente!
[2024-05-31 17:34:40] [ INFO ] [BD:31] tabla creada con exito
[2024-05-31 17:34:40] [ INFO ] [OdontologoDaoH2:35] Odontologo guardado exitosamente
[2024-05-31 17:34:40] [ INFO ] [OdontologoDaoH2:35] Odontologo guardado exitosamente
[2024-05-31 17:35:23] [ INFO ] [OdontologoDaoH2:35] Odontologo guardado exitosamente
[2024-05-31 18:04:08] [ INFO ] [BD:31] tabla creada con exito
[2024-05-31 18:04:08] [ INFO ] [OdontologoDaoH2:35] Odontologo guardado exitosamente
[2024-05-31 18:04:08] [ INFO ] [OdontologoDaoH2:35] Odontologo guardado exitosamente
[2024-05-31 18:04:28] [ INFO ] [OdontologoDaoH2:103] Odontologos buscados exitosamente!
[2024-05-31 18:08:37] [ INFO ] [OdontologoDaoH2:35] Odontologo guardado exitosamente
[2024-05-31 18:08:42] [ INFO ] [OdontologoDaoH2:103] Odontologos buscados exitosamente!
[2024-05-31 18:16:35] [ INFO ] [BD:31] tabla creada con exito
[2024-05-31 18:16:35] [ INFO ] [OdontologoDaoH2:35] Odontologo guardado exitosamente
[2024-05-31 18:16:35] [ INFO ] [OdontologoDaoH2:35] Odontologo guardado exitosamente
[2024-05-31 18:16:46] [ INFO ] [OdontologoDaoH2:103] Odontologos buscados exitosamente!
[2024-05-31 18:28:40] [ INFO ] [BD:31] tabla creada con exito
[2024-05-31 18:28:40] [ INFO ] [OdontologoDaoH2:35] Odontologo guardado exitosamente
[2024-05-31 18:28:40] [ INFO ] [OdontologoDaoH2:35] Odontologo guardado exitosamente
[2024-05-31 18:29:12] [ INFO ] [OdontologoDaoH2:35] Odontologo guardado exitosamente
[2024-05-31 18:29:14] [ INFO ] [OdontologoDaoH2:103] Odontologos buscados exitosamente!
[2024-05-31 18:30:52] [ INFO ] [BD:31] tabla creada con exito
[2024-05-31 18:30:52] [ INFO ] [OdontologoDaoH2:35] Odontologo guardado exitosamente
[2024-05-31 18:30:52] [ INFO ] [OdontologoDaoH2:35] Odontologo guardado exitosamente
[2024-05-31 18:31:19] [ INFO ] [OdontologoDaoH2:103] Odontologos buscados exitosamente!
[2024-05-31 18:33:55] [ INFO ] [BD:31] tabla creada con exito
[2024-05-31 18:33:55] [ INFO ] [OdontologoDaoH2:35] Odontologo guardado exitosamente
[2024-05-31 18:33:55] [ INFO ] [OdontologoDaoH2:35] Odontologo guardado exitosamente
[2024-05-31 18:34:12] [ INFO ] [OdontologoDaoH2:103] Odontologos buscados exitosamente!
[2024-05-31 18:35:47] [ INFO ] [BD:31] tabla creada con exito
[2024-05-31 18:35:48] [ INFO ] [OdontologoDaoH2:35] Odontologo guardado exitosamente
[2024-05-31 18:35:48] [ INFO ] [OdontologoDaoH2:35] Odontologo guardado exitosamente
[2024-05-31 18:36:00] [ INFO ] [OdontologoDaoH2:103] Odontologos buscados exitosamente!
[2024-05-31 18:38:29] [ INFO ] [BD:31] tabla creada con exito
[2024-05-31 18:38:29] [ INFO ] [OdontologoDaoH2:35] Odontologo guardado exitosamente
[2024-05-31 18:38:29] [ INFO ] [OdontologoDaoH2:35] Odontologo guardado exitosamente
[2024-05-31 18:39:37] [ INFO ] [OdontologoDaoH2:35] Odontologo guardado exitosamente
[2024-05-31 18:39:43] [ INFO ] [OdontologoDaoH2:103] Odontologos buscados exitosamente!
[2024-05-31 18:42:31] [ INFO ] [BD:31] tabla creada con exito
[2024-05-31 18:42:31] [ INFO ] [OdontologoDaoH2:35] Odontologo guardado exitosamente
[2024-05-31 18:42:31] [ INFO ] [OdontologoDaoH2:35] Odontologo guardado exitosamente
[2024-05-31 18:43:07] [ INFO ] [OdontologoDaoH2:35] Odontologo guardado exitosamente
[2024-05-31 18:43:14] [ INFO ] [OdontologoDaoH2:103] Odontologos buscados exitosamente!
[2024-05-31 18:45:43] [ INFO ] [BD:31] tabla creada con exito
[2024-05-31 18:45:43] [ INFO ] [OdontologoDaoH2:35] Odontologo guardado exitosamente
[2024-05-31 18:45:43] [ INFO ] [OdontologoDaoH2:35] Odontologo guardado exitosamente
[2024-05-31 18:46:35] [ INFO ] [OdontologoDaoH2:103] Odontologos buscados exitosamente!
[2024-05-31 18:47:30] [ INFO ] [OdontologoDaoH2:103] Odontologos buscados exitosamente!
[2024-05-31 18:47:45] [ INFO ] [OdontologoDaoH2:103] Odontologos buscados exitosamente!
[2024-05-31 18:57:54] [ INFO ] [BD:31] tabla creada con exito
[2024-05-31 18:57:54] [ INFO ] [OdontologoDaoH2:35] Odontologo guardado exitosamente
[2024-05-31 18:57:54] [ INFO ] [OdontologoDaoH2:35] Odontologo guardado exitosamente
[2024-05-31 18:58:28] [ INFO ] [OdontologoDaoH2:103] Odontologos buscados exitosamente!
[2024-05-31 18:58:58] [ INFO ] [OdontologoDaoH2:103] Odontologos buscados exitosamente!
[2024-05-31 19:01:23] [ INFO ] [OdontologoDaoH2:35] Odontologo guardado exitosamente
[2024-05-31 19:01:35] [ INFO ] [OdontologoDaoH2:35] Odontologo guardado exitosamente
[2024-05-31 19:01:42] [ INFO ] [OdontologoDaoH2:103] Odontologos buscados exitosamente!
[2024-05-31 19:03:01] [ INFO ] [BD:31] tabla creada con exito
[2024-05-31 19:03:01] [ INFO ] [OdontologoDaoH2:35] Odontologo guardado exitosamente
[2024-05-31 19:03:01] [ INFO ] [OdontologoDaoH2:35] Odontologo guardado exitosamente
[2024-05-31 19:03:11] [ INFO ] [OdontologoDaoH2:103] Odontologos buscados exitosamente!
[2024-05-31 19:03:40] [ INFO ] [OdontologoDaoH2:35] Odontologo guardado exitosamente
[2024-05-31 19:03:53] [ INFO ] [OdontologoDaoH2:103] Odontologos buscados exitosamente!
[2024-05-31 20:35:30] [ INFO ] [BD:31] tabla creada con exito
[2024-05-31 20:35:30] [ INFO ] [OdontologoDaoH2:35] Odontologo guardado exitosamente
[2024-05-31 20:35:30] [ INFO ] [OdontologoDaoH2:35] Odontologo guardado exitosamente
[2024-05-31 20:35:49] [ INFO ] [OdontologoDaoH2:103] Odontologos buscados exitosamente!
[2024-05-31 20:46:14] [ INFO ] [BD:31] tabla creada con exito
[2024-05-31 20:46:14] [ INFO ] [OdontologoDaoH2:35] Odontologo guardado exitosamente
[2024-05-31 20:46:14] [ INFO ] [OdontologoDaoH2:35] Odontologo guardado exitosamente
[2024-05-31 20:46:24] [ INFO ] [OdontologoDaoH2:103] Odontologos buscados exitosamente!
[2024-05-31 21:02:10] [ INFO ] [BD:31] tabla creada con exito
[2024-05-31 21:02:10] [ INFO ] [OdontologoDaoH2:35] Odontologo guardado exitosamente
[2024-05-31 21:02:10] [ INFO ] [OdontologoDaoH2:35] Odontologo guardado exitosamente
[2024-05-31 21:02:19] [ INFO ] [OdontologoDaoH2:103] Odontologos buscados exitosamente!
[2024-05-31 21:02:25] [ INFO ] [OdontologoDaoH2:46] iniciando la busqueda de un odontologo por id: 1
[2024-05-31 21:02:25] [ INFO ] [OdontologoDaoH2:54] Odontologo Buscado exitosamente!
[2024-05-31 21:02:25] [ WARN ] [OdontologoDaoH2:89] Odontologo eliminado!
[2024-05-31 21:17:57] [ INFO ] [BD:31] tabla creada con exito
[2024-05-31 21:17:57] [ INFO ] [OdontologoDaoH2:35] Odontologo guardado exitosamente
[2024-05-31 21:17:57] [ INFO ] [OdontologoDaoH2:35] Odontologo guardado exitosamente
[2024-05-31 21:18:05] [ INFO ] [OdontologoDaoH2:103] Odontologos buscados exitosamente!
[2024-05-31 21:23:17] [ INFO ] [OdontologoDaoH2:103] Odontologos buscados exitosamente!
[2024-05-31 21:26:28] [ INFO ] [BD:31] tabla creada con exito
[2024-05-31 21:26:28] [ INFO ] [OdontologoDaoH2:35] Odontologo guardado exitosamente
[2024-05-31 21:26:28] [ INFO ] [OdontologoDaoH2:35] Odontologo guardado exitosamente
[2024-05-31 21:26:35] [ INFO ] [OdontologoDaoH2:103] Odontologos buscados exitosamente!
[2024-05-31 21:27:46] [ INFO ] [OdontologoDaoH2:103] Odontologos buscados exitosamente!
[2024-05-31 21:27:51] [ INFO ] [OdontologoDaoH2:103] Odontologos buscados exitosamente!
[2024-05-31 21:30:55] [ INFO ] [BD:31] tabla creada con exito
[2024-05-31 21:30:55] [ INFO ] [OdontologoDaoH2:35] Odontologo guardado exitosamente
[2024-05-31 21:30:55] [ INFO ] [OdontologoDaoH2:35] Odontologo guardado exitosamente
[2024-05-31 21:32:55] [ INFO ] [BD:31] tabla creada con exito
[2024-05-31 21:32:55] [ INFO ] [OdontologoDaoH2:35] Odontologo guardado exitosamente
[2024-05-31 21:32:55] [ INFO ] [OdontologoDaoH2:35] Odontologo guardado exitosamente
[2024-05-31 21:32:59] [ INFO ] [OdontologoDaoH2:103] Odontologos buscados exitosamente!
[2024-05-31 21:33:49] [ INFO ] [OdontologoDaoH2:103] Odontologos buscados exitosamente!
[2024-05-31 21:34:12] [ INFO ] [BD:31] tabla creada con exito
[2024-05-31 21:34:12] [ INFO ] [OdontologoDaoH2:35] Odontologo guardado exitosamente
[2024-05-31 21:34:12] [ INFO ] [OdontologoDaoH2:35] Odontologo guardado exitosamente
[2024-05-31 21:34:19] [ INFO ] [OdontologoDaoH2:103] Odontologos buscados exitosamente!
[2024-05-31 21:35:06] [ INFO ] [BD:31] tabla creada con exito
[2024-05-31 21:35:06] [ INFO ] [OdontologoDaoH2:35] Odontologo guardado exitosamente
[2024-05-31 21:35:06] [ INFO ] [OdontologoDaoH2:35] Odontologo guardado exitosamente
[2024-05-31 21:36:04] [ INFO ] [OdontologoDaoH2:103] Odontologos buscados exitosamente!
[2024-05-31 21:36:40] [ INFO ] [BD:31] tabla creada con exito
[2024-05-31 21:36:40] [ INFO ] [OdontologoDaoH2:35] Odontologo guardado exitosamente
[2024-05-31 21:36:40] [ INFO ] [OdontologoDaoH2:35] Odontologo guardado exitosamente
[2024-05-31 21:36:59] [ INFO ] [OdontologoDaoH2:35] Odontologo guardado exitosamente
[2024-05-31 21:37:01] [ INFO ] [OdontologoDaoH2:103] Odontologos buscados exitosamente!
[2024-05-31 21:39:10] [ INFO ] [BD:31] tabla creada con exito
[2024-05-31 21:39:10] [ INFO ] [OdontologoDaoH2:35] Odontologo guardado exitosamente
[2024-05-31 21:39:10] [ INFO ] [OdontologoDaoH2:35] Odontologo guardado exitosamente
[2024-05-31 21:39:18] [ INFO ] [OdontologoDaoH2:103] Odontologos buscados exitosamente!
[2024-05-31 21:41:11] [ INFO ] [BD:31] tabla creada con exito
[2024-05-31 21:41:11] [ INFO ] [OdontologoDaoH2:35] Odontologo guardado exitosamente
[2024-05-31 21:41:11] [ INFO ] [OdontologoDaoH2:35] Odontologo guardado exitosamente
[2024-05-31 21:45:24] [ INFO ] [BD:31] tabla creada con exito
[2024-05-31 21:45:24] [ INFO ] [OdontologoDaoH2:35] Odontologo guardado exitosamente
[2024-05-31 21:45:24] [ INFO ] [OdontologoDaoH2:35] Odontologo guardado exitosamente
[2024-05-31 21:45:34] [ INFO ] [OdontologoDaoH2:103] Odontologos buscados exitosamente!
[2024-05-31 21:46:39] [ INFO ] [BD:31] tabla creada con exito
[2024-05-31 21:46:39] [ INFO ] [OdontologoDaoH2:35] Odontologo guardado exitosamente
[2024-05-31 21:46:39] [ INFO ] [OdontologoDaoH2:35] Odontologo guardado exitosamente
[2024-05-31 21:46:48] [ INFO ] [OdontologoDaoH2:103] Odontologos buscados exitosamente!
[2024-05-31 21:49:05] [ INFO ] [BD:31] tabla creada con exito
[2024-05-31 21:49:05] [ INFO ] [OdontologoDaoH2:35] Odontologo guardado exitosamente
[2024-05-31 21:49:05] [ INFO ] [OdontologoDaoH2:35] Odontologo guardado exitosamente
[2024-05-31 21:49:11] [ INFO ] [OdontologoDaoH2:103] Odontologos buscados exitosamente!
[2024-05-31 21:53:30] [ INFO ] [BD:31] tabla creada con exito
[2024-05-31 21:53:30] [ INFO ] [OdontologoDaoH2:35] Odontologo guardado exitosamente
[2024-05-31 21:53:30] [ INFO ] [OdontologoDaoH2:35] Odontologo guardado exitosamente
[2024-05-31 21:53:40] [ INFO ] [OdontologoDaoH2:103] Odontologos buscados exitosamente!
[2024-05-31 21:56:10] [ INFO ] [BD:31] tabla creada con exito
[2024-05-31 21:56:10] [ INFO ] [OdontologoDaoH2:35] Odontologo guardado exitosamente
[2024-05-31 21:56:10] [ INFO ] [OdontologoDaoH2:35] Odontologo guardado exitosamente
[2024-05-31 21:56:39] [ INFO ] [OdontologoDaoH2:103] Odontologos buscados exitosamente!
[2024-05-31 21:59:28] [ INFO ] [BD:31] tabla creada con exito
[2024-05-31 21:59:28] [ INFO ] [OdontologoDaoH2:35] Odontologo guardado exitosamente
[2024-05-31 21:59:28] [ INFO ] [OdontologoDaoH2:35] Odontologo guardado exitosamente
[2024-05-31 21:59:36] [ INFO ] [OdontologoDaoH2:103] Odontologos buscados exitosamente!
[2024-05-31 22:02:17] [ INFO ] [BD:31] tabla creada con exito
[2024-05-31 22:02:17] [ INFO ] [OdontologoDaoH2:35] Odontologo guardado exitosamente
[2024-05-31 22:02:17] [ INFO ] [OdontologoDaoH2:35] Odontologo guardado exitosamente
[2024-05-31 22:02:25] [ INFO ] [OdontologoDaoH2:103] Odontologos buscados exitosamente!
[2024-05-31 22:04:04] [ INFO ] [BD:31] tabla creada con exito
[2024-05-31 22:04:04] [ INFO ] [OdontologoDaoH2:35] Odontologo guardado exitosamente
[2024-05-31 22:04:04] [ INFO ] [OdontologoDaoH2:35] Odontologo guardado exitosamente
[2024-05-31 22:04:11] [ INFO ] [OdontologoDaoH2:103] Odontologos buscados exitosamente!
[2024-05-31 22:06:52] [ INFO ] [BD:31] tabla creada con exito
[2024-05-31 22:06:52] [ INFO ] [OdontologoDaoH2:35] Odontologo guardado exitosamente
[2024-05-31 22:06:52] [ INFO ] [OdontologoDaoH2:35] Odontologo guardado exitosamente
[2024-05-31 22:06:58] [ INFO ] [OdontologoDaoH2:103] Odontologos buscados exitosamente!
[2024-05-31 22:08:17] [ INFO ] [BD:31] tabla creada con exito
[2024-05-31 22:08:17] [ INFO ] [OdontologoDaoH2:35] Odontologo guardado exitosamente
[2024-05-31 22:08:17] [ INFO ] [OdontologoDaoH2:35] Odontologo guardado exitosamente
[2024-05-31 22:08:23] [ INFO ] [OdontologoDaoH2:103] Odontologos buscados exitosamente!
[2024-05-31 22:17:51] [ INFO ] [BD:31] tabla creada con exito
[2024-05-31 22:17:52] [ INFO ] [OdontologoDaoH2:35] Odontologo guardado exitosamente
[2024-05-31 22:17:52] [ INFO ] [OdontologoDaoH2:35] Odontologo guardado exitosamente
[2024-05-31 22:18:55] [ INFO ] [BD:31] tabla creada con exito
[2024-05-31 22:18:55] [ INFO ] [OdontologoDaoH2:35] Odontologo guardado exitosamente
[2024-05-31 22:18:55] [ INFO ] [OdontologoDaoH2:35] Odontologo guardado exitosamente
[2024-05-31 22:28:16] [ INFO ] [BD:31] tabla creada con exito
[2024-05-31 22:28:16] [ INFO ] [OdontologoDaoH2:35] Odontologo guardado exitosamente
[2024-05-31 22:28:16] [ INFO ] [OdontologoDaoH2:35] Odontologo guardado exitosamente
[2024-05-31 22:30:41] [ INFO ] [BD:31] tabla creada con exito
[2024-05-31 22:30:41] [ INFO ] [OdontologoDaoH2:35] Odontologo guardado exitosamente
[2024-05-31 22:30:41] [ INFO ] [OdontologoDaoH2:35] Odontologo guardado exitosamente
[2024-05-31 22:30:49] [ INFO ] [OdontologoDaoH2:103] Odontologos buscados exitosamente!
[2024-05-31 22:30:57] [ INFO ] [OdontologoDaoH2:46] iniciando la busqueda de un odontologo por id: 1
[2024-05-31 22:30:57] [ INFO ] [OdontologoDaoH2:54] Odontologo Buscado exitosamente!
[2024-05-31 22:30:57] [ WARN ] [OdontologoDaoH2:89] Odontologo eliminado!
[2024-05-31 22:30:57] [ INFO ] [OdontologoDaoH2:103] Odontologos buscados exitosamente!
[2024-05-31 22:34:48] [ INFO ] [BD:31] tabla creada con exito
[2024-05-31 22:34:48] [ INFO ] [OdontologoDaoH2:35] Odontologo guardado exitosamente
[2024-05-31 22:34:48] [ INFO ] [OdontologoDaoH2:35] Odontologo guardado exitosamente
[2024-05-31 22:34:55] [ INFO ] [OdontologoDaoH2:103] Odontologos buscados exitosamente!
[2024-05-31 22:35:10] [ INFO ] [OdontologoDaoH2:46] iniciando la busqueda de un odontologo por id: 1
[2024-05-31 22:35:10] [ INFO ] [OdontologoDaoH2:54] Odontologo Buscado exitosamente!
[2024-05-31 22:35:10] [ WARN ] [OdontologoDaoH2:89] Odontologo eliminado!
[2024-05-31 22:35:10] [ INFO ] [OdontologoDaoH2:103] Odontologos buscados exitosamente!
[2024-05-31 22:35:25] [ INFO ] [OdontologoDaoH2:46] iniciando la busqueda de un odontologo por id: 2
[2024-05-31 22:35:25] [ INFO ] [OdontologoDaoH2:54] Odontologo Buscado exitosamente!
[2024-05-31 22:35:25] [ WARN ] [OdontologoDaoH2:89] Odontologo eliminado!
[2024-05-31 22:35:25] [ INFO ] [OdontologoDaoH2:103] Odontologos buscados exitosamente!
[2024-05-31 22:35:48] [ INFO ] [OdontologoDaoH2:35] Odontologo guardado exitosamente
[2024-05-31 22:35:50] [ INFO ] [OdontologoDaoH2:103] Odontologos buscados exitosamente!
[2024-05-31 22:39:20] [ INFO ] [BD:31] tabla creada con exito
[2024-05-31 22:39:20] [ INFO ] [OdontologoDaoH2:35] Odontologo guardado exitosamente
[2024-05-31 22:39:20] [ INFO ] [OdontologoDaoH2:35] Odontologo guardado exitosamente
[2024-05-31 22:39:26] [ INFO ] [OdontologoDaoH2:103] Odontologos buscados exitosamente!
[2024-05-31 22:44:54] [ INFO ] [BD:31] tabla creada con exito
[2024-05-31 22:44:54] [ INFO ] [OdontologoDaoH2:35] Odontologo guardado exitosamente
[2024-05-31 22:44:54] [ INFO ] [OdontologoDaoH2:35] Odontologo guardado exitosamente
[2024-05-31 22:45:14] [ INFO ] [OdontologoDaoH2:103] Odontologos buscados exitosamente!
[2024-05-31 22:45:34] [ INFO ] [BD:31] tabla creada con exito
[2024-05-31 22:45:34] [ INFO ] [OdontologoDaoH2:35] Odontologo guardado exitosamente
[2024-05-31 22:45:34] [ INFO ] [OdontologoDaoH2:35] Odontologo guardado exitosamente
[2024-05-31 22:49:43] [ INFO ] [BD:31] tabla creada con exito
[2024-05-31 22:49:43] [ INFO ] [OdontologoDaoH2:35] Odontologo guardado exitosamente
[2024-05-31 22:49:43] [ INFO ] [OdontologoDaoH2:35] Odontologo guardado exitosamente
[2024-05-31 22:59:48] [ INFO ] [BD:31] tabla creada con exito
[2024-05-31 22:59:48] [ INFO ] [OdontologoDaoH2:35] Odontologo guardado exitosamente
[2024-05-31 22:59:48] [ INFO ] [OdontologoDaoH2:35] Odontologo guardado exitosamente
[2024-05-31 23:00:30] [ INFO ] [BD:31] tabla creada con exito
[2024-05-31 23:00:30] [ INFO ] [OdontologoDaoH2:35] Odontologo guardado exitosamente
[2024-05-31 23:00:30] [ INFO ] [OdontologoDaoH2:35] Odontologo guardado exitosamente
[2024-05-31 23:00:45] [ INFO ] [OdontologoDaoH2:35] Odontologo guardado exitosamente
[2024-05-31 23:00:47] [ INFO ] [OdontologoDaoH2:103] Odontologos buscados exitosamente!
[2024-05-31 23:01:05] [ INFO ] [OdontologoDaoH2:46] iniciando la busqueda de un odontologo por id: 3
[2024-05-31 23:01:05] [ INFO ] [OdontologoDaoH2:54] Odontologo Buscado exitosamente!
[2024-05-31 23:01:05] [ WARN ] [OdontologoDaoH2:89] Odontologo eliminado!
[2024-05-31 23:01:05] [ INFO ] [OdontologoDaoH2:103] Odontologos buscados exitosamente!
[2024-05-31 23:01:13] [ INFO ] [OdontologoDaoH2:46] iniciando la busqueda de un odontologo por id: 2
[2024-05-31 23:01:13] [ INFO ] [OdontologoDaoH2:54] Odontologo Buscado exitosamente!
[2024-05-31 23:01:13] [ WARN ] [OdontologoDaoH2:89] Odontologo eliminado!
[2024-05-31 23:01:13] [ INFO ] [OdontologoDaoH2:103] Odontologos buscados exitosamente!
[2024-05-31 23:08:25] [ INFO ] [BD:31] tabla creada con exito
[2024-05-31 23:08:25] [ INFO ] [OdontologoDaoH2:35] Odontologo guardado exitosamente
[2024-05-31 23:08:25] [ INFO ] [OdontologoDaoH2:35] Odontologo guardado exitosamente
[2024-05-31 23:08:32] [ INFO ] [OdontologoDaoH2:103] Odontologos buscados exitosamente!
[2024-05-31 23:08:37] [ INFO ] [OdontologoDaoH2:46] iniciando la busqueda de un odontologo por id: 1
[2024-05-31 23:08:37] [ INFO ] [OdontologoDaoH2:54] Odontologo Buscado exitosamente!
[2024-05-31 23:08:37] [ WARN ] [OdontologoDaoH2:89] Odontologo eliminado!
[2024-05-31 23:08:37] [ INFO ] [OdontologoDaoH2:103] Odontologos buscados exitosamente!
[2024-05-31 23:09:38] [ INFO ] [OdontologoDaoH2:35] Odontologo guardado exitosamente
[2024-05-31 23:09:40] [ INFO ] [OdontologoDaoH2:103] Odontologos buscados exitosamente!
[2024-05-31 23:10:01] [ INFO ] [BD:31] tabla creada con exito
[2024-05-31 23:10:01] [ INFO ] [OdontologoDaoH2:35] Odontologo guardado exitosamente
[2024-05-31 23:10:01] [ INFO ] [OdontologoDaoH2:35] Odontologo guardado exitosamente
[2024-05-31 23:11:37] [ INFO ] [BD:31] tabla creada con exito
[2024-05-31 23:11:37] [ INFO ] [OdontologoDaoH2:35] Odontologo guardado exitosamente
[2024-05-31 23:11:37] [ INFO ] [OdontologoDaoH2:35] Odontologo guardado exitosamente
[2024-06-03 18:07:12] [ INFO ] [BD:31] tabla creada con exito
[2024-06-03 18:07:12] [ INFO ] [OdontologoDaoH2:35] Odontologo guardado exitosamente
[2024-06-03 18:07:12] [ INFO ] [OdontologoDaoH2:35] Odontologo guardado exitosamente
[2024-06-03 18:07:45] [ INFO ] [BD:31] tabla creada con exito
[2024-06-03 18:07:45] [ INFO ] [OdontologoDaoH2:35] Odontologo guardado exitosamente
[2024-06-03 18:07:45] [ INFO ] [OdontologoDaoH2:35] Odontologo guardado exitosamente
